<?xml version="1.0" encoding="UTF-8"?>
<testsuite name="ru.stqa.krug.addressbook.tests.GroupDeletionTests" tests="1" skipped="0" failures="0" errors="0" timestamp="2018-05-18T22:14:18" hostname="LAPTOP-7TC6GBB8" time="1.978">
  <properties/>
  <testcase name="testGroupDeletion" classname="ru.stqa.krug.addressbook.tests.GroupDeletionTests" time="1.978"/>
  <system-out><![CDATA[]]></system-out>
  <system-err><![CDATA[]]></system-err>
</testsuite>
