<?xml version="1.0" encoding="UTF-8"?>
<testsuite name="ru.stqa.krug.addressbook.tests.ContactModificationTests" tests="1" skipped="0" failures="0" errors="0" timestamp="2018-05-18T21:39:26" hostname="LAPTOP-7TC6GBB8" time="7.757">
  <properties/>
  <testcase name="testContactModification" classname="ru.stqa.krug.addressbook.tests.ContactModificationTests" time="7.757"/>
  <system-out><![CDATA[]]></system-out>
  <system-err><![CDATA[]]></system-err>
</testsuite>
