<?xml version="1.0" encoding="UTF-8"?>
<testsuite name="ru.stqa.krug.addressbook.tests.GroupCreationTests" tests="3" skipped="0" failures="0" errors="0" timestamp="2018-05-18T20:54:49" hostname="LAPTOP-7TC6GBB8" time="8.814">
  <properties/>
  <testcase name="testGroupCreation[0](GroupData{id='0', name='test 0'})" classname="ru.stqa.krug.addressbook.tests.GroupCreationTests" time="3.621"/>
  <testcase name="testGroupCreation[1](GroupData{id='0', name='test 1'})" classname="ru.stqa.krug.addressbook.tests.GroupCreationTests" time="2.441"/>
  <testcase name="testGroupCreation[2](GroupData{id='0', name='test 2'})" classname="ru.stqa.krug.addressbook.tests.GroupCreationTests" time="2.751"/>
  <system-out><![CDATA[]]></system-out>
  <system-err><![CDATA[Security framework of XStream not initialized, XStream is probably vulnerable.
]]></system-err>
</testsuite>
